{"request_id": "req-20251106123427-1999", "timestamp": "2025-11-06T12:34:27.256029", "type": "request", "conversation_id": "conv-20251106-123427-5981", "intent": "unknown", "text": "Hello CORTEX", "metadata": {}}
{"request_id": "req-20251107060700-8729", "timestamp": "2025-11-07T06:07:00.810258", "type": "request", "conversation_id": "d69a82c9-d13f-40da-bb76-bf8d67033de2", "intent": "TEST", "text": "Test conversation tracking - schema initialization complete", "metadata": {}}
{"request_id": "req-20251107061202-4573", "timestamp": "2025-11-07T06:12:02.744871", "type": "request", "conversation_id": "aa5fcf91-6994-41e9-a198-7ec8e3fce049", "intent": "unknown", "text": "Final validation - conversation tracking system is now complete and operational", "metadata": {}}
{"request_id": "req-20251107061355-5641", "timestamp": "2025-11-07T06:13:55.766943", "type": "request", "conversation_id": "aa5fcf91-6994-41e9-a198-7ec8e3fce049", "intent": "TEST", "text": "Test conversation 1 - FIFO enforcement validation", "metadata": {}}
{"request_id": "req-20251107061423-2802", "timestamp": "2025-11-07T06:14:23.904201", "type": "request", "conversation_id": "aa5fcf91-6994-41e9-a198-7ec8e3fce049", "intent": "TEST", "text": "Test conversation 1 - FIFO enforcement validation", "metadata": {}}
{"request_id": "req-20251107061447-1166", "timestamp": "2025-11-07T06:14:47.311373", "type": "request", "conversation_id": "02724ad3-743e-4edd-bce0-c9cda60fe869", "intent": "TEST", "text": "Test conversation 1 - FIFO enforcement validation", "metadata": {}}
{"request_id": "req-20251107061448-4711", "timestamp": "2025-11-07T06:14:48.277852", "type": "request", "conversation_id": "02724ad3-743e-4edd-bce0-c9cda60fe869", "intent": "TEST", "text": "Test conversation 2 - FIFO enforcement validation", "metadata": {}}
{"request_id": "req-20251107061449-2004", "timestamp": "2025-11-07T06:14:49.294402", "type": "request", "conversation_id": "02724ad3-743e-4edd-bce0-c9cda60fe869", "intent": "TEST", "text": "Test conversation 3 - FIFO enforcement validation", "metadata": {}}
{"request_id": "req-20251107061450-9150", "timestamp": "2025-11-07T06:14:50.369595", "type": "request", "conversation_id": "02724ad3-743e-4edd-bce0-c9cda60fe869", "intent": "TEST", "text": "Test conversation 4 - FIFO enforcement validation", "metadata": {}}
{"request_id": "req-20251107061451-3223", "timestamp": "2025-11-07T06:14:51.344673", "type": "request", "conversation_id": "02724ad3-743e-4edd-bce0-c9cda60fe869", "intent": "TEST", "text": "Test conversation 5 - FIFO enforcement validation", "metadata": {}}
{"request_id": "req-20251107061452-8969", "timestamp": "2025-11-07T06:14:52.444345", "type": "request", "conversation_id": "02724ad3-743e-4edd-bce0-c9cda60fe869", "intent": "TEST", "text": "Test conversation 6 - FIFO enforcement validation", "metadata": {}}
{"request_id": "req-20251107061453-8479", "timestamp": "2025-11-07T06:14:53.535941", "type": "request", "conversation_id": "02724ad3-743e-4edd-bce0-c9cda60fe869", "intent": "TEST", "text": "Test conversation 7 - FIFO enforcement validation", "metadata": {}}
{"request_id": "req-20251107061454-1068", "timestamp": "2025-11-07T06:14:54.585855", "type": "request", "conversation_id": "02724ad3-743e-4edd-bce0-c9cda60fe869", "intent": "TEST", "text": "Test conversation 8 - FIFO enforcement validation", "metadata": {}}
{"request_id": "req-20251107061455-7343", "timestamp": "2025-11-07T06:14:55.619198", "type": "request", "conversation_id": "02724ad3-743e-4edd-bce0-c9cda60fe869", "intent": "TEST", "text": "Test conversation 9 - FIFO enforcement validation", "metadata": {}}
{"request_id": "req-20251107061456-4691", "timestamp": "2025-11-07T06:14:56.635070", "type": "request", "conversation_id": "02724ad3-743e-4edd-bce0-c9cda60fe869", "intent": "TEST", "text": "Test conversation 10 - FIFO enforcement validation", "metadata": {}}
{"request_id": "req-20251107061457-2980", "timestamp": "2025-11-07T06:14:57.827203", "type": "request", "conversation_id": "02724ad3-743e-4edd-bce0-c9cda60fe869", "intent": "TEST", "text": "Test conversation 11 - FIFO enforcement validation", "metadata": {}}
{"request_id": "req-20251107061459-5470", "timestamp": "2025-11-07T06:14:59.229351", "type": "request", "conversation_id": "02724ad3-743e-4edd-bce0-c9cda60fe869", "intent": "TEST", "text": "Test conversation 12 - FIFO enforcement validation", "metadata": {}}
{"request_id": "req-20251107061500-9741", "timestamp": "2025-11-07T06:15:00.463571", "type": "request", "conversation_id": "02724ad3-743e-4edd-bce0-c9cda60fe869", "intent": "TEST", "text": "Test conversation 13 - FIFO enforcement validation", "metadata": {}}
{"request_id": "req-20251107061501-7716", "timestamp": "2025-11-07T06:15:01.684933", "type": "request", "conversation_id": "02724ad3-743e-4edd-bce0-c9cda60fe869", "intent": "TEST", "text": "Test conversation 14 - FIFO enforcement validation", "metadata": {}}
{"request_id": "req-20251107061502-9582", "timestamp": "2025-11-07T06:15:02.784697", "type": "request", "conversation_id": "02724ad3-743e-4edd-bce0-c9cda60fe869", "intent": "TEST", "text": "Test conversation 15 - FIFO enforcement validation", "metadata": {}}
{"request_id": "req-20251107061503-3660", "timestamp": "2025-11-07T06:15:03.851375", "type": "request", "conversation_id": "02724ad3-743e-4edd-bce0-c9cda60fe869", "intent": "TEST", "text": "Test conversation 16 - FIFO enforcement validation", "metadata": {}}
{"request_id": "req-20251107061504-6566", "timestamp": "2025-11-07T06:15:04.909559", "type": "request", "conversation_id": "02724ad3-743e-4edd-bce0-c9cda60fe869", "intent": "TEST", "text": "Test conversation 17 - FIFO enforcement validation", "metadata": {}}
{"request_id": "req-20251107061505-9070", "timestamp": "2025-11-07T06:15:05.976073", "type": "request", "conversation_id": "02724ad3-743e-4edd-bce0-c9cda60fe869", "intent": "TEST", "text": "Test conversation 18 - FIFO enforcement validation", "metadata": {}}
{"request_id": "req-20251107061507-1044", "timestamp": "2025-11-07T06:15:07.084472", "type": "request", "conversation_id": "02724ad3-743e-4edd-bce0-c9cda60fe869", "intent": "TEST", "text": "Test conversation 19 - FIFO enforcement validation", "metadata": {}}
{"request_id": "req-20251107061508-1374", "timestamp": "2025-11-07T06:15:08.209344", "type": "request", "conversation_id": "02724ad3-743e-4edd-bce0-c9cda60fe869", "intent": "TEST", "text": "Test conversation 20 - FIFO enforcement validation", "metadata": {}}
{"request_id": "req-20251107061509-3204", "timestamp": "2025-11-07T06:15:09.317503", "type": "request", "conversation_id": "02724ad3-743e-4edd-bce0-c9cda60fe869", "intent": "TEST", "text": "Test conversation 21 - FIFO enforcement validation", "metadata": {}}
{"request_id": "req-20251107061510-8922", "timestamp": "2025-11-07T06:15:10.209138", "type": "request", "conversation_id": "02724ad3-743e-4edd-bce0-c9cda60fe869", "intent": "TEST", "text": "Test conversation 22 - FIFO enforcement validation", "metadata": {}}
{"request_id": "req-20251107061511-7755", "timestamp": "2025-11-07T06:15:11.225752", "type": "request", "conversation_id": "02724ad3-743e-4edd-bce0-c9cda60fe869", "intent": "TEST", "text": "Test conversation 23 - FIFO enforcement validation", "metadata": {}}
{"request_id": "req-20251107061512-8386", "timestamp": "2025-11-07T06:15:12.342379", "type": "request", "conversation_id": "02724ad3-743e-4edd-bce0-c9cda60fe869", "intent": "TEST", "text": "Test conversation 24 - FIFO enforcement validation", "metadata": {}}
{"request_id": "req-20251107061513-6738", "timestamp": "2025-11-07T06:15:13.442275", "type": "request", "conversation_id": "02724ad3-743e-4edd-bce0-c9cda60fe869", "intent": "TEST", "text": "Test conversation 25 - FIFO enforcement validation", "metadata": {}}
{"request_id": "req-20251107061514-4442", "timestamp": "2025-11-07T06:15:14.458988", "type": "request", "conversation_id": "02724ad3-743e-4edd-bce0-c9cda60fe869", "intent": "TEST", "text": "Test conversation 26 - FIFO enforcement validation", "metadata": {}}
{"request_id": "req-20251107061515-7752", "timestamp": "2025-11-07T06:15:15.458969", "type": "request", "conversation_id": "02724ad3-743e-4edd-bce0-c9cda60fe869", "intent": "TEST", "text": "Test conversation 27 - FIFO enforcement validation", "metadata": {}}
{"request_id": "req-20251107061516-3941", "timestamp": "2025-11-07T06:15:16.492117", "type": "request", "conversation_id": "02724ad3-743e-4edd-bce0-c9cda60fe869", "intent": "TEST", "text": "Test conversation 28 - FIFO enforcement validation", "metadata": {}}
{"request_id": "req-20251107061517-3530", "timestamp": "2025-11-07T06:15:17.650417", "type": "request", "conversation_id": "02724ad3-743e-4edd-bce0-c9cda60fe869", "intent": "TEST", "text": "Test conversation 29 - FIFO enforcement validation", "metadata": {}}
{"request_id": "req-20251107061518-2706", "timestamp": "2025-11-07T06:15:18.683617", "type": "request", "conversation_id": "02724ad3-743e-4edd-bce0-c9cda60fe869", "intent": "TEST", "text": "Test conversation 30 - FIFO enforcement validation", "metadata": {}}
{"request_id": "req-20251107061519-3310", "timestamp": "2025-11-07T06:15:19.866943", "type": "request", "conversation_id": "02724ad3-743e-4edd-bce0-c9cda60fe869", "intent": "TEST", "text": "Test conversation 31 - FIFO enforcement validation", "metadata": {}}
{"request_id": "req-20251107061520-5359", "timestamp": "2025-11-07T06:15:20.995430", "type": "request", "conversation_id": "02724ad3-743e-4edd-bce0-c9cda60fe869", "intent": "TEST", "text": "Test conversation 32 - FIFO enforcement validation", "metadata": {}}
{"request_id": "req-20251107061522-6932", "timestamp": "2025-11-07T06:15:22.504884", "type": "request", "conversation_id": "02724ad3-743e-4edd-bce0-c9cda60fe869", "intent": "TEST", "text": "Test conversation 33 - FIFO enforcement validation", "metadata": {}}
{"request_id": "req-20251107061523-1806", "timestamp": "2025-11-07T06:15:23.849873", "type": "request", "conversation_id": "02724ad3-743e-4edd-bce0-c9cda60fe869", "intent": "TEST", "text": "Test conversation 34 - FIFO enforcement validation", "metadata": {}}
{"request_id": "req-20251107061525-2055", "timestamp": "2025-11-07T06:15:25.175300", "type": "request", "conversation_id": "02724ad3-743e-4edd-bce0-c9cda60fe869", "intent": "TEST", "text": "Test conversation 35 - FIFO enforcement validation", "metadata": {}}
{"request_id": "req-20251107061526-6504", "timestamp": "2025-11-07T06:15:26.191637", "type": "request", "conversation_id": "02724ad3-743e-4edd-bce0-c9cda60fe869", "intent": "TEST", "text": "Test conversation 36 - FIFO enforcement validation", "metadata": {}}
{"request_id": "req-20251107061527-4858", "timestamp": "2025-11-07T06:15:27.141801", "type": "request", "conversation_id": "02724ad3-743e-4edd-bce0-c9cda60fe869", "intent": "TEST", "text": "Test conversation 37 - FIFO enforcement validation", "metadata": {}}
{"request_id": "req-20251107061528-8119", "timestamp": "2025-11-07T06:15:28.083392", "type": "request", "conversation_id": "02724ad3-743e-4edd-bce0-c9cda60fe869", "intent": "TEST", "text": "Test conversation 38 - FIFO enforcement validation", "metadata": {}}
{"request_id": "req-20251107061529-8311", "timestamp": "2025-11-07T06:15:29.091513", "type": "request", "conversation_id": "02724ad3-743e-4edd-bce0-c9cda60fe869", "intent": "TEST", "text": "Test conversation 39 - FIFO enforcement validation", "metadata": {}}
{"request_id": "req-20251107061530-4533", "timestamp": "2025-11-07T06:15:30.099879", "type": "request", "conversation_id": "02724ad3-743e-4edd-bce0-c9cda60fe869", "intent": "TEST", "text": "Test conversation 40 - FIFO enforcement validation", "metadata": {}}
{"request_id": "req-20251107061531-3655", "timestamp": "2025-11-07T06:15:31.074733", "type": "request", "conversation_id": "02724ad3-743e-4edd-bce0-c9cda60fe869", "intent": "TEST", "text": "Test conversation 41 - FIFO enforcement validation", "metadata": {}}
{"request_id": "req-20251107061532-5085", "timestamp": "2025-11-07T06:15:32.050670", "type": "request", "conversation_id": "02724ad3-743e-4edd-bce0-c9cda60fe869", "intent": "TEST", "text": "Test conversation 42 - FIFO enforcement validation", "metadata": {}}
{"request_id": "req-20251107061532-1007", "timestamp": "2025-11-07T06:15:32.974722", "type": "request", "conversation_id": "02724ad3-743e-4edd-bce0-c9cda60fe869", "intent": "TEST", "text": "Test conversation 43 - FIFO enforcement validation", "metadata": {}}
{"request_id": "req-20251107061534-9810", "timestamp": "2025-11-07T06:15:34.055153", "type": "request", "conversation_id": "02724ad3-743e-4edd-bce0-c9cda60fe869", "intent": "TEST", "text": "Test conversation 44 - FIFO enforcement validation", "metadata": {}}
{"request_id": "req-20251107061535-9435", "timestamp": "2025-11-07T06:15:35.091278", "type": "request", "conversation_id": "02724ad3-743e-4edd-bce0-c9cda60fe869", "intent": "TEST", "text": "Test conversation 45 - FIFO enforcement validation", "metadata": {}}
{"request_id": "req-20251107061536-4094", "timestamp": "2025-11-07T06:15:36.032755", "type": "request", "conversation_id": "02724ad3-743e-4edd-bce0-c9cda60fe869", "intent": "TEST", "text": "Test conversation 46 - FIFO enforcement validation", "metadata": {}}
{"request_id": "req-20251107061537-1501", "timestamp": "2025-11-07T06:15:37.007883", "type": "request", "conversation_id": "02724ad3-743e-4edd-bce0-c9cda60fe869", "intent": "TEST", "text": "Test conversation 47 - FIFO enforcement validation", "metadata": {}}
{"request_id": "req-20251107061538-2660", "timestamp": "2025-11-07T06:15:38.024550", "type": "request", "conversation_id": "02724ad3-743e-4edd-bce0-c9cda60fe869", "intent": "TEST", "text": "Test conversation 48 - FIFO enforcement validation", "metadata": {}}
{"request_id": "req-20251107061539-4535", "timestamp": "2025-11-07T06:15:39.132700", "type": "request", "conversation_id": "02724ad3-743e-4edd-bce0-c9cda60fe869", "intent": "TEST", "text": "Test conversation 49 - FIFO enforcement validation", "metadata": {}}
{"request_id": "req-20251107061540-3567", "timestamp": "2025-11-07T06:15:40.224577", "type": "request", "conversation_id": "02724ad3-743e-4edd-bce0-c9cda60fe869", "intent": "TEST", "text": "Test conversation 50 - FIFO enforcement validation", "metadata": {}}
{"request_id": "req-20251107061541-3875", "timestamp": "2025-11-07T06:15:41.307505", "type": "request", "conversation_id": "02724ad3-743e-4edd-bce0-c9cda60fe869", "intent": "TEST", "text": "Test conversation 51 - FIFO enforcement validation", "metadata": {}}
{"request_id": "req-20251107061542-2024", "timestamp": "2025-11-07T06:15:42.491738", "type": "request", "conversation_id": "02724ad3-743e-4edd-bce0-c9cda60fe869", "intent": "TEST", "text": "Test conversation 52 - FIFO enforcement validation", "metadata": {}}
{"request_id": "req-20251107061543-6083", "timestamp": "2025-11-07T06:15:43.990974", "type": "request", "conversation_id": "02724ad3-743e-4edd-bce0-c9cda60fe869", "intent": "TEST", "text": "Test conversation 53 - FIFO enforcement validation", "metadata": {}}
{"request_id": "req-20251107061545-7809", "timestamp": "2025-11-07T06:15:45.148393", "type": "request", "conversation_id": "02724ad3-743e-4edd-bce0-c9cda60fe869", "intent": "TEST", "text": "Test conversation 54 - FIFO enforcement validation", "metadata": {}}
{"request_id": "req-20251107061546-9088", "timestamp": "2025-11-07T06:15:46.465977", "type": "request", "conversation_id": "02724ad3-743e-4edd-bce0-c9cda60fe869", "intent": "TEST", "text": "Test conversation 55 - FIFO enforcement validation", "metadata": {}}
{"request_id": "req-20251107061547-8673", "timestamp": "2025-11-07T06:15:47.408068", "type": "request", "conversation_id": "02724ad3-743e-4edd-bce0-c9cda60fe869", "intent": "TEST", "text": "Test conversation 56 - FIFO enforcement validation", "metadata": {}}
{"request_id": "req-20251107061548-4122", "timestamp": "2025-11-07T06:15:48.324407", "type": "request", "conversation_id": "02724ad3-743e-4edd-bce0-c9cda60fe869", "intent": "TEST", "text": "Test conversation 57 - FIFO enforcement validation", "metadata": {}}
{"request_id": "req-20251107061549-7341", "timestamp": "2025-11-07T06:15:49.224207", "type": "request", "conversation_id": "02724ad3-743e-4edd-bce0-c9cda60fe869", "intent": "TEST", "text": "Test conversation 58 - FIFO enforcement validation", "metadata": {}}
{"request_id": "req-20251107061550-2565", "timestamp": "2025-11-07T06:15:50.273875", "type": "request", "conversation_id": "02724ad3-743e-4edd-bce0-c9cda60fe869", "intent": "TEST", "text": "Test conversation 59 - FIFO enforcement validation", "metadata": {}}
{"request_id": "req-20251107061551-3285", "timestamp": "2025-11-07T06:15:51.407270", "type": "request", "conversation_id": "02724ad3-743e-4edd-bce0-c9cda60fe869", "intent": "TEST", "text": "Test conversation 60 - FIFO enforcement validation", "metadata": {}}
{"request_id": "req-20251110141744-3928", "timestamp": "2025-11-10T14:17:44.207918", "type": "request", "conversation_id": "conv-20251110-141743-8410", "intent": "RESUME", "text": "resume", "metadata": {}}
