2025-11-08 15:26:02,236 - __main__ - INFO - Loading configuration...
2025-11-08 15:26:02,238 - __main__ - INFO - Initializing cleanup plugin...
2025-11-08 15:26:02,238 - plugins.cleanup_plugin - INFO - Cleanup plugin initialized (dry_run=True)
2025-11-08 15:26:02,239 - __main__ - INFO - Running cleanup operations...
2025-11-08 15:26:02,240 - plugins.cleanup_plugin - INFO - Starting full cleanup (dry_run=True)
2025-11-08 15:26:02,240 - plugins.cleanup_plugin - INFO - Cleaning temp files...
2025-11-08 15:26:02,244 - plugins.cleanup_plugin - INFO - Cleaning backup files...
2025-11-08 15:26:02,245 - plugins.cleanup_plugin - INFO - Cleaning cache directories...
2025-11-08 15:26:02,246 - plugins.cleanup_plugin - INFO - Cleaning log files...
2025-11-08 15:26:02,247 - plugins.cleanup_plugin - INFO - Detecting duplicate files...
2025-11-08 15:26:02,247 - plugins.cleanup_plugin - INFO - Cleaning empty directories...
2025-11-08 15:26:02,247 - plugins.cleanup_plugin - INFO - Detecting large files...
2025-11-08 15:26:02,248 - plugins.cleanup_plugin - INFO - Compressing old archives...
2025-11-08 15:26:02,249 - plugins.cleanup_plugin - INFO - Enforcing project structure...
2025-11-08 15:26:02,249 - plugins.cleanup_plugin - ERROR - Cleanup execution failed: [WinError 3] The system cannot find the path specified: '\\Users\\asifhussain\\PROJECTS\\CORTEX'
2025-11-08 15:26:16,326 - __main__ - INFO - Loading configuration...
2025-11-08 15:26:16,328 - __main__ - INFO - Initializing cleanup plugin...
2025-11-08 15:26:16,328 - plugins.cleanup_plugin - INFO - Cleanup plugin initialized (dry_run=True)
2025-11-08 15:26:16,329 - __main__ - INFO - Running cleanup operations...
2025-11-08 15:26:16,329 - plugins.cleanup_plugin - INFO - Starting full cleanup (dry_run=True)
2025-11-08 15:26:16,329 - plugins.cleanup_plugin - INFO - Cleaning temp files...
2025-11-08 15:26:19,456 - plugins.cleanup_plugin - INFO - Cleaning backup files...
2025-11-08 15:26:21,093 - plugins.cleanup_plugin - INFO - Cleaning cache directories...
2025-11-08 15:26:23,507 - plugins.cleanup_plugin - INFO - Cleaning log files...
2025-11-08 15:26:23,508 - plugins.cleanup_plugin - INFO - Detecting duplicate files...
2025-11-08 15:26:29,267 - plugins.cleanup_plugin - INFO - Cleaning empty directories...
2025-11-08 15:26:36,514 - plugins.cleanup_plugin - INFO - Detecting large files...
2025-11-08 15:26:39,703 - plugins.cleanup_plugin - INFO - Compressing old archives...
2025-11-08 15:26:40,622 - plugins.cleanup_plugin - INFO - Enforcing project structure...
2025-11-08 15:26:40,624 - plugins.cleanup_plugin - INFO - Detecting orphaned files...
2025-11-08 15:26:44,459 - plugins.cleanup_plugin - INFO - Cleanup complete: 0 files deleted, 37.68MB freed
2025-11-08 15:28:42,534 - __main__ - INFO - Loading configuration...
2025-11-08 15:28:42,535 - __main__ - INFO - Initializing cleanup plugin...
2025-11-08 15:28:42,536 - plugins.cleanup_plugin - INFO - Cleanup plugin initialized (dry_run=True)
2025-11-08 15:29:52,589 - __main__ - INFO - Loading configuration...
2025-11-08 15:29:52,590 - __main__ - INFO - Initializing cleanup plugin...
2025-11-08 15:29:52,591 - plugins.cleanup_plugin - INFO - Cleanup plugin initialized (dry_run=True)
2025-11-08 15:30:24,831 - __main__ - INFO - Loading configuration...
2025-11-08 15:30:24,833 - __main__ - INFO - Initializing cleanup plugin...
2025-11-08 15:30:24,833 - plugins.cleanup_plugin - INFO - Cleanup plugin initialized (dry_run=True)
2025-11-08 15:30:24,834 - __main__ - INFO - Running cleanup operations...
2025-11-08 15:30:24,834 - plugins.cleanup_plugin - INFO - Starting full cleanup (dry_run=True)
2025-11-08 15:30:24,835 - plugins.cleanup_plugin - INFO - Running core file protection verification...
2025-11-08 15:30:24,836 - plugins.cleanup_plugin - INFO - Cleaning temp files...
2025-11-08 15:30:27,970 - plugins.cleanup_plugin - INFO - Cleaning backup files...
2025-11-08 15:30:29,568 - plugins.cleanup_plugin - INFO - Cleaning cache directories...
2025-11-08 15:30:30,196 - plugins.cleanup_plugin - INFO - Cleaning log files...
2025-11-08 15:30:30,197 - plugins.cleanup_plugin - INFO - Detecting duplicate files...
2025-11-08 15:30:33,972 - plugins.cleanup_plugin - INFO - Cleaning empty directories...
2025-11-08 15:30:41,278 - plugins.cleanup_plugin - INFO - Detecting large files...
2025-11-08 15:30:44,481 - plugins.cleanup_plugin - INFO - Compressing old archives...
2025-11-08 15:30:45,405 - plugins.cleanup_plugin - INFO - Enforcing project structure...
2025-11-08 15:30:45,407 - plugins.cleanup_plugin - INFO - Detecting orphaned files...
2025-11-08 15:30:49,284 - plugins.cleanup_plugin - INFO - Cleanup complete: 0 files deleted, 0.15MB freed
